To achieve the functionality you're describing, we need to ensure proper communication between the parent and child scripts using environment variables. The child script will use these environment variables to construct a Lua module file with specific settings.

Below is a detailed approach:

**Parent Script (`parent_script.sh`):**

```bash
#!/bin/bash

# Set environment variables to be inherited by the child script
export MODULES_TO_LOAD="module1,module2"  # Example modules to load
export LUA_MODULE_FILE_NAME="my_module"
export LUA_FILE_LOCATION="/path/to/modulefiles"  # Destination directory
export MODULE_WHATIS="This is my module"
export MODULE_HELP="Loads the environment for my application"
export MODULE_FAMILY="compiler"  # Example family
export MODULE_PREREQ_ANY="prereq1,prereq2"  # Comma-separated prerequisites
export MODULE_CONFLICT="conflicting_module"
export MODULE_EXTENSIONS="ext1,ext2"  # Example extensions for the module system
export COMPONENTS="bin,lib,include"  # Components for the Lua module specification

# Source the child script, making its functions available in this script
source ./child_script.sh

# Call the function from the child script to create the Lua module file
create_lua_modulefile  # No arguments are passed as we are using environment variables

# ... (rest of your script)
```

**Child Script (`child_script.sh`):**

```bash
# Function to create a Lua module file based on environment variables
create_lua_modulefile() {
    # Read environment variables
    local modules_to_load="$MODULES_TO_LOAD"
    local lua_module_file_name="$LUA_MODULE_FILE_NAME"
    local lua_file_location="$LUA_FILE_LOCATION"
    local module_whatis="$MODULE_WHATIS"
    local module_help="$MODULE_HELP"
    local module_family="$MODULE_FAMILY"
    local module_prereq_any="$MODULE_PREREQ_ANY"
    local module_conflict="$MODULE_CONFLICT"
    local module_extensions="$MODULE_EXTENSIONS"
    local components="$COMPONENTS"

    # Start building the Lua module file content
    lua_module_content="help([[$module_help]])
whatis([[$module_whatis]])
family([[$module_family]])

"

    # Convert comma-separated strings to Lua table format for 'prereq'
    IFS=',' read -ra components_array <<< "$components"
    lua_prereqs="prereq("
    for component in "${components_array[@]}"; do
        lua_prereqs+="\"$component\", "
    done
    lua_prereqs=${lua_prereqs%, }  # Remove trailing comma
    lua_prereqs+=")"
    lua_module_content+="$lua_prereqs\n"

    # Convert comma-separated strings to Lua table format for 'prereq_any'
    if [ -n "$module_prereq_any" ]; then
        IFS=',' read -ra prereq_any_array <<< "$module_prereq_any"
        lua_prereq_any="prereq_any("
        for prereq in "${prereq_any_array[@]}"; do
            lua_prereq_any+="\"$prereq\", "
        done
        lua_prereq_any=${lua_prereq_any%, }  # Remove trailing comma
        lua_prereq_any+=")"
        lua_module_content+="$lua_prereq_any\n"
    fi

    # Add 'conflict' information
    if [ -n "$module_conflict" ]; then
        lua_module_content+="conflict([[$module_conflict]])\n"
    fi

    # Add modules to load, if any
    if [ -n "$modules_to_load" ]; then
        IFS=',' read -ra modules_array <<< "$modules_to_load"
        for module in "${modules_array[@]}"; do
            lua_module_content+="load(\"$module\")\n"
        done
    fi

    # Handle additional extensions if provided
    if [ -n "$module_extensions" ]; then
        IFS=',' read -ra extensions_array <<< "$module_extensions"
        for extension in "${extensions_array[@]}"; do
            lua_module_content+="extensions(\"$extension\")\n"
        done
    fi

    # Create the module file with the constructed content
    echo -e "$lua_module_content" > "${lua_file_location}/${lua_module_file_name}.lua"

    echo "Lua module file created at ${lua_file_location}/${lua_module_file_name}.lua"
}

# ... (other functions can be below)
```

In this setup, the parent script sets various environment variables reflecting different aspects of the Lua module file configuration. It then sources the child script, making the function `create_lua_modulefile` available, which it calls without direct arguments since all necessary data is passed through the environment variables.

The child script's function reads these environment variables and constructs a Lua module file content, handling various elements like module prerequisites, conflicts, and specific Lua syntax. It then writes this content to a file in the designated location. The function converts comma-separated strings into appropriate Lua table formats and constructs the module file reflecting the specified environment setup and constraints.
